0 info it worked if it ends with ok
1 verbose cli [
1 verbose cli   'C:\\Program Files\\nodejs\\node.exe',
1 verbose cli   'C:\\Program Files\\nodejs\\node_modules\\npm\\bin\\npm-cli.js',
1 verbose cli   'run',
1 verbose cli   'build'
1 verbose cli ]
2 info using npm@6.14.9
3 info using node@v14.15.3
4 verbose run-script [ 'prebuild', 'build', 'postbuild' ]
5 info lifecycle netflixcopy@0.1.0~prebuild: netflixcopy@0.1.0
6 info lifecycle netflixcopy@0.1.0~build: netflixcopy@0.1.0
7 verbose lifecycle netflixcopy@0.1.0~build: unsafe-perm in lifecycle true
8 verbose lifecycle netflixcopy@0.1.0~build: PATH: C:\Program Files\nodejs\node_modules\npm\node_modules\npm-lifecycle\node-gyp-bin;C:\Users\Win10\AppData\Roaming\npm\React\netflixcopy\node_modules\.bin;C:\Users\Win10\AppData\Local\Temp\yarn--1612131222832-0.7422301955378481;C:\Users\Win10\AppData\Roaming\npm\React\netflixcopy\node_modules\.bin;C:\Users\Win10\AppData\Local\Yarn\Data\link\node_modules\.bin;C:\Users\Win10\AppData\Local\Yarn\bin;C:\Program Files\libexec\lib\node_modules\npm\bin\node-gyp-bin;C:\Program Files\lib\node_modules\npm\bin\node-gyp-bin;C:\Program Files\nodejs\node_modules\npm\bin\node-gyp-bin;C:\Program Files (x86)\Common Files\Oracle\Java\javapath;C:\ProgramData\Oracle\Java\javapath;C:\Program Files (x86)\Intel\TXE Components\TCS\;C:\Program Files\Intel\TXE Components\TCS\;C:\WINDOWS\system32;C:\WINDOWS;C:\WINDOWS\System32\Wbem;C:\WINDOWS\System32\WindowsPowerShell\v1.0\;C:\WINDOWS\System32\OpenSSH\;C:\ProgramFiles/Java/jdk-14.0.2\bin;C:\Program Files\nodejs\;C:\Program Files\Git\cmd;C:\Users\Win10\AppData\Local\Microsoft\WindowsApps;C:\Program Files\Multipass\bin;"; C:\ProgramFiles/Java/jdk-14.0.2\bin";C:\Users\Win10\AppData\Roaming\npm
9 verbose lifecycle netflixcopy@0.1.0~build: CWD: C:\Users\Win10\AppData\Roaming\npm\React\netflixcopy
10 silly lifecycle netflixcopy@0.1.0~build: Args: [ '/d /s /c', 'react-scripts build' ]
11 silly lifecycle netflixcopy@0.1.0~build: Returned: code: 1  signal: null
12 info lifecycle netflixcopy@0.1.0~build: Failed to exec build script
13 verbose stack Error: netflixcopy@0.1.0 build: `react-scripts build`
13 verbose stack Exit status 1
13 verbose stack     at EventEmitter.<anonymous> (C:\Program Files\nodejs\node_modules\npm\node_modules\npm-lifecycle\index.js:332:16)
13 verbose stack     at EventEmitter.emit (events.js:315:20)
13 verbose stack     at ChildProcess.<anonymous> (C:\Program Files\nodejs\node_modules\npm\node_modules\npm-lifecycle\lib\spawn.js:55:14)
13 verbose stack     at ChildProcess.emit (events.js:315:20)
13 verbose stack     at maybeClose (internal/child_process.js:1048:16)
13 verbose stack     at Process.ChildProcess._handle.onexit (internal/child_process.js:288:5)
14 verbose pkgid netflixcopy@0.1.0
15 verbose cwd C:\Users\Win10\AppData\Roaming\npm\React\netflixcopy
16 verbose Windows_NT 10.0.18363
17 verbose argv "C:\\Program Files\\nodejs\\node.exe" "C:\\Program Files\\nodejs\\node_modules\\npm\\bin\\npm-cli.js" "run" "build"
18 verbose node v14.15.3
19 verbose npm  v6.14.9
20 error code ELIFECYCLE
21 error errno 1
22 error netflixcopy@0.1.0 build: `react-scripts build`
22 error Exit status 1
23 error Failed at the netflixcopy@0.1.0 build script.
23 error This is probably not a problem with npm. There is likely additional logging output above.
24 verbose exit [ 1, true ]
